[debug] [2023-08-10T15:40:03.193Z] ----------------------------------------------------------------------
[debug] [2023-08-10T15:40:03.195Z] Command:       C:\Program Files\nodejs\node.exe C:\Users\Agustin\AppData\Roaming\npm\node_modules\firebase-tools\lib\bin\firebase.js init
[debug] [2023-08-10T15:40:03.195Z] CLI Version:   12.4.7
[debug] [2023-08-10T15:40:03.195Z] Platform:      win32
[debug] [2023-08-10T15:40:03.196Z] Node Version:  v18.16.1
[debug] [2023-08-10T15:40:03.197Z] Time:          Thu Aug 10 2023 12:40:03 GMT-0300 (hora estándar de Argentina)
[debug] [2023-08-10T15:40:03.197Z] ----------------------------------------------------------------------
[debug] 
[debug] [2023-08-10T15:40:03.209Z] > command requires scopes: ["email","openid","https://www.googleapis.com/auth/cloudplatformprojects.readonly","https://www.googleapis.com/auth/firebase","https://www.googleapis.com/auth/cloud-platform"]
[debug] [2023-08-10T15:40:03.210Z] > authorizing via signed-in user (agustinibarperrotta@gmail.com)
[info] 
     ######## #### ########  ######## ########     ###     ######  ########
     ##        ##  ##     ## ##       ##     ##  ##   ##  ##       ##
     ######    ##  ########  ######   ########  #########  ######  ######
     ##        ##  ##    ##  ##       ##     ## ##     ##       ## ##
     ##       #### ##     ## ######## ########  ##     ##  ######  ########

You're about to initialize a Firebase project in this directory:

  C:\Users\Agustin\Desktop\dreamlodge\pruebadeploy

[info] 
=== Project Setup
[info] 
[info] First, let's associate this project directory with a Firebase project.
[info] You can create multiple project aliases by running firebase use --add, 
[info] but for now we'll just set up a default project.
[info] 
[debug] [2023-08-10T15:40:49.465Z] > refreshing access token with scopes: []
[debug] [2023-08-10T15:40:49.468Z] >>> [apiv2][query] POST https://www.googleapis.com/oauth2/v3/token [none]
[debug] [2023-08-10T15:40:49.468Z] >>> [apiv2][body] POST https://www.googleapis.com/oauth2/v3/token [omitted]
[debug] [2023-08-10T15:40:49.611Z] <<< [apiv2][status] POST https://www.googleapis.com/oauth2/v3/token 200
[debug] [2023-08-10T15:40:49.612Z] <<< [apiv2][body] POST https://www.googleapis.com/oauth2/v3/token [omitted]
[debug] [2023-08-10T15:40:49.623Z] >>> [apiv2][query] GET https://firebase.googleapis.com/v1beta1/projects pageSize=100
[debug] [2023-08-10T15:40:50.383Z] <<< [apiv2][status] GET https://firebase.googleapis.com/v1beta1/projects 200
[debug] [2023-08-10T15:40:50.384Z] <<< [apiv2][body] GET https://firebase.googleapis.com/v1beta1/projects [omitted]
[info] i  Using project pruebadeploy-8f459 (pruebaDeploy) 
[info] 
=== Hosting Setup
[info] 
[info] Your public directory is the folder (relative to your project directory) that
[info] will contain Hosting assets to be uploaded with firebase deploy. If you
[info] have a build process for your assets, use your build's output directory.
[info] 
[info] +  Wrote public/404.html 
[debug] [2023-08-10T15:43:10.631Z] >>> [apiv2][query] GET https://www.gstatic.com/firebasejs/releases.json [none]
[debug] [2023-08-10T15:43:10.718Z] <<< [apiv2][status] GET https://www.gstatic.com/firebasejs/releases.json 200
[debug] [2023-08-10T15:43:10.719Z] <<< [apiv2][body] GET https://www.gstatic.com/firebasejs/releases.json {"current":{"version":"10.1.0","browserURL":"https://www.gstatic.com/firebasejs/10.1.0/firebase.js","packageURL":"https://www.gstatic.com/firebasejs/10.1.0/firebase.tgz"},"live":{"version":"10.1","browserURL":"https://www.gstatic.com/firebasejs/live/10.1/firebase.js","packageURL":"https://www.gstatic.com/firebasejs/live/10.1/firebase.tgz"},"components":{"analytics":"https://www.gstatic.com/firebasejs/10.1.0/firebase-analytics.js","app":"https://www.gstatic.com/firebasejs/10.1.0/firebase-app.js","app-check":"https://www.gstatic.com/firebasejs/10.1.0/firebase-app-check.js","auth":"https://www.gstatic.com/firebasejs/10.1.0/firebase-auth.js","auth/cordova":"https://www.gstatic.com/firebasejs/10.1.0/firebase-auth/cordova.js","functions":"https://www.gstatic.com/firebasejs/10.1.0/firebase-functions.js","firestore":"https://www.gstatic.com/firebasejs/10.1.0/firebase-firestore.js","firestore/lite":"https://www.gstatic.com/firebasejs/10.1.0/firebase-firestore/lite.js","installations":"https://www.gstatic.com/firebasejs/10.1.0/firebase-installations.js","storage":"https://www.gstatic.com/firebasejs/10.1.0/firebase-storage.js","performance":"https://www.gstatic.com/firebasejs/10.1.0/firebase-performance.js","remote-config":"https://www.gstatic.com/firebasejs/10.1.0/firebase-remote-config.js","messaging":"https://www.gstatic.com/firebasejs/10.1.0/firebase-messaging.js","messaging/sw":"https://www.gstatic.com/firebasejs/10.1.0/firebase-messaging/sw.js","database":"https://www.gstatic.com/firebasejs/10.1.0/firebase-database.js","firestore.memory":"https://www.gstatic.com/firebasejs/10.1.0/firebase-firestore.memory.js"}}
[info] i  Skipping write of public/index.html 
[info] 
[info] i  Detected a .git folder at C:\Users\Agustin\Desktop 
[info] i  Authorizing with GitHub to upload your service account to a GitHub repository's secrets store. 
[info] 
[info] Visit this URL on this device to log in:
[info] https://github.com/login/oauth/authorize?client_id=89cf50f02ac6aaed3484&state=463666867&redirect_uri=http%3A%2F%2Flocalhost%3A9005&scope=read%3Auser%20repo%20public_repo
[info] 
[info] Waiting for authentication...
[debug] [2023-08-10T15:43:27.500Z] >>> [apiv2][query] POST https://github.com/login/oauth/access_token [none]
[debug] [2023-08-10T15:43:27.500Z] >>> [apiv2][body] POST https://github.com/login/oauth/access_token [stream]
[debug] [2023-08-10T15:43:27.850Z] <<< [apiv2][status] POST https://github.com/login/oauth/access_token 200
[debug] [2023-08-10T15:43:27.850Z] <<< [apiv2][body] POST https://github.com/login/oauth/access_token {"access_token":"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","token_type":"bearer","scope":"read:user,repo"}
[debug] [2023-08-10T15:43:27.866Z] >>> [apiv2][query] GET https://api.github.com/user [none]
[debug] [2023-08-10T15:43:28.249Z] <<< [apiv2][status] GET https://api.github.com/user 200
[debug] [2023-08-10T15:43:28.249Z] <<< [apiv2][body] GET https://api.github.com/user {"login":"agustinibar","id":129892131,"node_id":"U_kgDOB73_Iw","avatar_url":"https://avatars.githubusercontent.com/u/129892131?v=4","gravatar_id":"","url":"https://api.github.com/users/agustinibar","html_url":"https://github.com/agustinibar","followers_url":"https://api.github.com/users/agustinibar/followers","following_url":"https://api.github.com/users/agustinibar/following{/other_user}","gists_url":"https://api.github.com/users/agustinibar/gists{/gist_id}","starred_url":"https://api.github.com/users/agustinibar/starred{/owner}{/repo}","subscriptions_url":"https://api.github.com/users/agustinibar/subscriptions","organizations_url":"https://api.github.com/users/agustinibar/orgs","repos_url":"https://api.github.com/users/agustinibar/repos","events_url":"https://api.github.com/users/agustinibar/events{/privacy}","received_events_url":"https://api.github.com/users/agustinibar/received_events","type":"User","site_admin":false,"name":"Agustin Ibar","company":null,"blog":"","location":null,"email":null,"hireable":null,"bio":null,"twitter_username":null,"public_repos":7,"public_gists":0,"followers":0,"following":0,"created_at":"2023-04-04T18:09:48Z","updated_at":"2023-05-22T12:21:07Z","private_gists":0,"total_private_repos":4,"owned_private_repos":1,"disk_usage":81707,"collaborators":0,"two_factor_authentication":false,"plan":{"name":"free","space":976562499,"collaborators":0,"private_repos":10000}}
[info] 
[info] +  Success! Logged into GitHub as agustinibar 
[info] 
